login
/
user/add
user/add
user/add
user/insert
user/add
user/add
user/insert
user/1
user/100
user/100
user/100
test
test
index
users
login
tiezi/create
tiezi/create
tiezi
tiezi
tiezi/create
tiezi/create
tiezi/create
tiezi/create
tiezi
/
tiezi
tiezi/create
tiezi
tiezi/20
tiezi/20
tiezi/20
tiezi/20/edit
tiezi/20/edit
tiezi/20
tiezi/20/edit
tiezi/70/edit
tiezi
tiezi/50/edit
tiezi/50/edit
tiezi/50/edit
tiezi/20
tiezi/50/edit
tiezi/20
tiezi/50/edit
tiezi/20
tiezi/20
request
request
form
upload
form
upload
form
upload
form
form
upload
upload
upload
upload
upload
form
form
upload
upload
form
upload
form
form
upload
form
upload
upload
form
upload
form
upload
form
upload
form
upload
upload
form
upload
register
cookie
cookie
cookie
cookie
cookie
cookie
cookie
flash
get-flash
get-flash
flash
get-flash
flash
get-flash
flash
get-flash
get-flash
user-2
user-2
/
user
/
user-2
/
user-2
/
user
cookie
user-2
/
user
user-2
/
user-2
/
insert
user
/
/
response
response
user-2
response
/
user-2
user-2
user-2
user-2
user-2
user-2
user-2
user-2
user-2
user-2
user-2
user-2
user-2
user-2
user-2
user-2
user-2
user-2
user-2
user-2
user-2
user-2
user-2
user-2
user-2
user-2
user-2
user-2
user-2
user-2
user-2
user-2
user-2
user-2
user-2
user-2
user-2
user-2
user-2
user-2
user-2
user-2
user-2
user-2
user-2
user-2
user-2
user-2
user-2
user-2
user-2
user-2
user-2
user-2
user-2
user-2
user-2
user-2
user-2
user-2
user-2
user-2
user-2
user-2
/
/
user-2
/
user-2
user-2
user-2
response
response
response
response
response
response
response
response
response
/
views
views
views
views
views
views
views
views
views
views
views
views
views
/
page1
page-1
page-1
page-2
page-2
control
control
select
select
select
select
select
select
/
select
trans
trans
trans
trans
trans
trans
views
trans
trans
trans
trans
trans
trans
trans
trans
trans
trans
trans
trans
trans
trans
_debugbar/assets/stylesheets
_debugbar/assets/javascript
trans
trans
trans
trans
trans
trans
join
join
join
join
join
